<?xml version="1.0" encoding="utf-8"?><testsuites name="pytest tests"><testsuite name="pytest" errors="0" failures="0" skipped="0" tests="64" time="13.781" timestamp="2026-02-07T09:09:09.323257+08:00" hostname="JP-HD5QN94"><testcase classname="test_app.TestLogin" name="test_login_page_loads" time="0.062" /><testcase classname="test_app.TestLogin" name="test_admin_login_success" time="0.124" /><testcase classname="test_app.TestLogin" name="test_hotel_user_login_success" time="0.121" /><testcase classname="test_app.TestLogin" name="test_retail_user_login_success" time="0.135" /><testcase classname="test_app.TestLogin" name="test_login_failure_wrong_password" time="0.144" /><testcase classname="test_app.TestLogin" name="test_login_failure_nonexistent_user" time="0.028" /><testcase classname="test_app.TestLogin" name="test_logout" time="0.169" /><testcase classname="test_app.TestIndustryAccess" name="test_admin_sees_all_categories" time="0.147" /><testcase classname="test_app.TestIndustryAccess" name="test_hotel_user_sees_common_categories" time="0.147" /><testcase classname="test_app.TestIndustryAccess" name="test_hotel_user_sees_hotel_category" time="0.150" /><testcase classname="test_app.TestIndustryAccess" name="test_hotel_user_cannot_see_retail_category" time="0.154" /><testcase classname="test_app.TestIndustryAccess" name="test_retail_user_sees_retail_category" time="0.135" /><testcase classname="test_app.TestIndustryAccess" name="test_retail_user_cannot_see_hotel_category" time="0.165" /><testcase classname="test_app.TestAdminAccess" name="test_admin_can_access_admin_page" time="0.225" /><testcase classname="test_app.TestAdminAccess" name="test_normal_user_cannot_access_admin" time="0.159" /><testcase classname="test_app.TestAdminAccess" name="test_unauthenticated_cannot_access_admin" time="0.011" /><testcase classname="test_app.TestIndustryAPI" name="test_get_industries" time="0.195" /><testcase classname="test_app.TestIndustryAPI" name="test_create_industry" time="0.166" /><testcase classname="test_app.TestIndustryAPI" name="test_normal_user_cannot_create_industry" time="0.149" /><testcase classname="test_app.TestCategoryAPI" name="test_get_categories" time="0.186" /><testcase classname="test_app.TestCategoryAPI" name="test_create_category" time="0.454" /><testcase classname="test_app.TestCategoryAPI" name="test_update_category_access" time="0.172" /><testcase classname="test_app.TestUserAPI" name="test_create_user" time="0.291" /><testcase classname="test_app.TestUserAPI" name="test_create_user_duplicate_username" time="0.153" /><testcase classname="test_app.TestUserAPI" name="test_get_user" time="0.145" /><testcase classname="test_app.TestUserAPI" name="test_normal_user_cannot_create_user" time="0.194" /><testcase classname="test_app.TestPageAccess" name="test_courses_page" time="0.152" /><testcase classname="test_app.TestPageAccess" name="test_dashboard_page" time="0.131" /><testcase classname="test_app.TestPageAccess" name="test_unauthenticated_redirect" time="0.007" /><testcase classname="test_app.TestTenantAPI" name="test_get_tenants" time="0.124" /><testcase classname="test_app.TestTenantAPI" name="test_create_tenant" time="0.177" /><testcase classname="test_app.TestTenantAPI" name="test_company_admin_cannot_create_tenant" time="0.159" /><testcase classname="test_app.TestTenantAPI" name="test_normal_user_cannot_access_tenants" time="0.177" /><testcase classname="test_app.TestDepartmentAPI" name="test_get_departments" time="0.167" /><testcase classname="test_app.TestDepartmentAPI" name="test_get_departments_by_tenant" time="0.148" /><testcase classname="test_app.TestDepartmentAPI" name="test_create_department" time="0.179" /><testcase classname="test_app.TestDepartmentAPI" name="test_update_department" time="0.171" /><testcase classname="test_app.TestDepartmentAPI" name="test_delete_department_with_no_users" time="0.159" /><testcase classname="test_app.TestDepartmentAPI" name="test_company_admin_sees_own_departments" time="0.140" /><testcase classname="test_app.TestDepartmentStats" name="test_get_department_stats" time="0.177" /><testcase classname="test_app.TestCSVImportExport" name="test_export_csv" time="0.163" /><testcase classname="test_app.TestCSVImportExport" name="test_import_csv" time="0.446" /><testcase classname="test_app.TestCSVImportExport" name="test_import_csv_duplicate_user" time="0.148" /><testcase classname="test_app.TestCSVImportExport" name="test_import_csv_no_file" time="0.128" /><testcase classname="test_app.TestCSVImportExport" name="test_company_admin_export_csv" time="0.153" /><testcase classname="test_app.TestUserStatsDetail" name="test_get_user_stats_detail" time="0.147" /><testcase classname="test_app.TestUserStatsDetail" name="test_get_nonexistent_user_stats" time="0.187" /><testcase classname="test_app.TestUserStatsDetail" name="test_company_admin_cannot_see_other_tenant_stats" time="0.140" /><testcase classname="test_app.TestAnalyticsDashboard" name="test_analytics_page_loads" time="0.178" /><testcase classname="test_app.TestAnalyticsDashboard" name="test_analytics_summary" time="0.174" /><testcase classname="test_app.TestAnalyticsDashboard" name="test_analytics_unauthenticated" time="0.008" /><testcase classname="test_app.TestAnalyticsDashboard" name="test_normal_user_cannot_access_analytics" time="0.168" /><testcase classname="test_app.TestRoleBasedAccess" name="test_super_admin_login_has_role" time="0.149" /><testcase classname="test_app.TestRoleBasedAccess" name="test_company_admin_login_has_role" time="0.146" /><testcase classname="test_app.TestRoleBasedAccess" name="test_company_admin_can_access_admin_page" time="0.153" /><testcase classname="test_app.TestRoleBasedAccess" name="test_normal_user_cannot_access_admin" time="0.143" /><testcase classname="test_app.TestGA4Integration" name="test_ga4_tracking_included_in_pages" time="0.115" /><testcase classname="test_app.TestGA4Integration" name="test_ga4_tracking_template_exists" time="0.166" /><testcase classname="test_app.TestDatabaseMigration" name="test_migrate_db_import" time="0.001" /><testcase classname="test_app.TestDatabaseMigration" name="test_migrations_are_ordered" time="0.000" /><testcase classname="test_app.TestDatabaseMigration" name="test_schema_migrations_table_exists" time="0.002" /><testcase classname="test_app.TestDatabaseMigration" name="test_all_tables_exist" time="0.002" /><testcase classname="test_app.TestDatabaseMigration" name="test_users_table_has_new_columns" time="0.001" /><testcase classname="test_app.TestDatabaseMigration" name="test_backup_creation" time="0.006" /></testsuite></testsuites>