<?xml version="1.0" encoding="utf-8"?><testsuites name="pytest tests"><testsuite name="pytest" errors="0" failures="0" skipped="0" tests="174" time="29.587" timestamp="2026-02-08T13:55:07.754851+08:00" hostname="JP-HD5QN94"><testcase classname="test_app.TestLogin" name="test_login_page_loads" time="2.496" /><testcase classname="test_app.TestLogin" name="test_admin_login_success" time="0.133" /><testcase classname="test_app.TestLogin" name="test_hotel_user_login_success" time="0.137" /><testcase classname="test_app.TestLogin" name="test_retail_user_login_success" time="0.133" /><testcase classname="test_app.TestLogin" name="test_login_failure_wrong_password" time="0.128" /><testcase classname="test_app.TestLogin" name="test_login_failure_nonexistent_user" time="0.010" /><testcase classname="test_app.TestLogin" name="test_logout" time="0.166" /><testcase classname="test_app.TestIndustryAccess" name="test_admin_sees_all_categories" time="0.171" /><testcase classname="test_app.TestIndustryAccess" name="test_hotel_user_sees_common_categories" time="0.161" /><testcase classname="test_app.TestIndustryAccess" name="test_hotel_user_sees_hotel_category" time="0.194" /><testcase classname="test_app.TestIndustryAccess" name="test_hotel_user_cannot_see_retail_category" time="0.137" /><testcase classname="test_app.TestIndustryAccess" name="test_retail_user_sees_retail_category" time="0.136" /><testcase classname="test_app.TestIndustryAccess" name="test_retail_user_cannot_see_hotel_category" time="0.155" /><testcase classname="test_app.TestAdminAccess" name="test_admin_can_access_admin_page" time="0.153" /><testcase classname="test_app.TestAdminAccess" name="test_normal_user_cannot_access_admin" time="0.117" /><testcase classname="test_app.TestAdminAccess" name="test_unauthenticated_cannot_access_admin" time="0.012" /><testcase classname="test_app.TestIndustryAPI" name="test_get_industries" time="0.129" /><testcase classname="test_app.TestIndustryAPI" name="test_create_industry" time="0.125" /><testcase classname="test_app.TestIndustryAPI" name="test_normal_user_cannot_create_industry" time="0.117" /><testcase classname="test_app.TestCategoryAPI" name="test_get_categories" time="0.137" /><testcase classname="test_app.TestCategoryAPI" name="test_create_category" time="0.150" /><testcase classname="test_app.TestCategoryAPI" name="test_update_category_access" time="0.173" /><testcase classname="test_app.TestUserAPI" name="test_create_user" time="0.265" /><testcase classname="test_app.TestUserAPI" name="test_create_user_duplicate_username" time="0.153" /><testcase classname="test_app.TestUserAPI" name="test_get_user" time="0.119" /><testcase classname="test_app.TestUserAPI" name="test_normal_user_cannot_create_user" time="0.130" /><testcase classname="test_app.TestPageAccess" name="test_courses_page" time="0.133" /><testcase classname="test_app.TestPageAccess" name="test_dashboard_page" time="0.143" /><testcase classname="test_app.TestPageAccess" name="test_unauthenticated_redirect" time="0.012" /><testcase classname="test_app.TestDashboardIndustryFilter" name="test_hotel_user_dashboard_excludes_nursing_videos" time="0.121" /><testcase classname="test_app.TestDashboardIndustryFilter" name="test_hotel_user_dashboard_excludes_retail_videos" time="0.106" /><testcase classname="test_app.TestDashboardIndustryFilter" name="test_hotel_user_dashboard_shows_common_videos" time="0.125" /><testcase classname="test_app.TestDashboardIndustryFilter" name="test_admin_dashboard_shows_all_videos" time="0.140" /><testcase classname="test_app.TestDashboardIndustryFilter" name="test_hotel_user_cannot_watch_nursing_video" time="0.002" /><testcase classname="test_app.TestTenantAPI" name="test_get_tenants" time="0.141" /><testcase classname="test_app.TestTenantAPI" name="test_create_tenant" time="0.148" /><testcase classname="test_app.TestTenantAPI" name="test_company_admin_cannot_create_tenant" time="0.133" /><testcase classname="test_app.TestTenantAPI" name="test_normal_user_cannot_access_tenants" time="0.142" /><testcase classname="test_app.TestDepartmentAPI" name="test_get_departments" time="0.118" /><testcase classname="test_app.TestDepartmentAPI" name="test_get_departments_by_tenant" time="0.129" /><testcase classname="test_app.TestDepartmentAPI" name="test_create_department" time="0.135" /><testcase classname="test_app.TestDepartmentAPI" name="test_update_department" time="0.128" /><testcase classname="test_app.TestDepartmentAPI" name="test_delete_department_with_no_users" time="0.146" /><testcase classname="test_app.TestDepartmentAPI" name="test_company_admin_sees_own_departments" time="0.129" /><testcase classname="test_app.TestDepartmentStats" name="test_get_department_stats" time="0.116" /><testcase classname="test_app.TestCSVImportExport" name="test_export_csv" time="0.121" /><testcase classname="test_app.TestCSVImportExport" name="test_import_csv" time="0.473" /><testcase classname="test_app.TestCSVImportExport" name="test_import_csv_duplicate_user" time="0.128" /><testcase classname="test_app.TestCSVImportExport" name="test_import_csv_no_file" time="0.116" /><testcase classname="test_app.TestCSVImportExport" name="test_company_admin_export_csv" time="0.123" /><testcase classname="test_app.TestSecurityValidation" name="test_create_user_invalid_role" time="0.113" /><testcase classname="test_app.TestSecurityValidation" name="test_import_csv_invalid_role" time="0.110" /><testcase classname="test_app.TestSecurityValidation" name="test_create_user_short_password" time="0.131" /><testcase classname="test_app.TestSecurityValidation" name="test_import_csv_short_password" time="0.147" /><testcase classname="test_app.TestSecurityValidation" name="test_import_csv_empty_password" time="0.112" /><testcase classname="test_app.TestSecurityValidation" name="test_create_user_invalid_email" time="0.146" /><testcase classname="test_app.TestSecurityValidation" name="test_import_csv_invalid_email" time="0.113" /><testcase classname="test_app.TestSecurityValidation" name="test_company_admin_cannot_create_super_admin" time="0.137" /><testcase classname="test_app.TestSecurityValidation" name="test_company_admin_cannot_create_company_admin" time="0.110" /><testcase classname="test_app.TestSecurityValidation" name="test_company_admin_csv_cannot_create_super_admin" time="0.114" /><testcase classname="test_app.TestSecurityValidation" name="test_company_admin_csv_cannot_create_company_admin" time="0.106" /><testcase classname="test_app.TestSecurityValidation" name="test_super_admin_can_create_all_roles" time="0.436" /><testcase classname="test_app.TestSecurityValidation" name="test_valid_email_formats_accepted" time="0.235" /><testcase classname="test_app.TestUserStatsDetail" name="test_get_user_stats_detail" time="0.114" /><testcase classname="test_app.TestUserStatsDetail" name="test_get_nonexistent_user_stats" time="0.109" /><testcase classname="test_app.TestUserStatsDetail" name="test_company_admin_cannot_see_other_tenant_stats" time="0.105" /><testcase classname="test_app.TestAnalyticsDashboard" name="test_analytics_page_loads" time="0.115" /><testcase classname="test_app.TestAnalyticsDashboard" name="test_analytics_summary" time="0.113" /><testcase classname="test_app.TestAnalyticsDashboard" name="test_analytics_unauthenticated" time="0.006" /><testcase classname="test_app.TestAnalyticsDashboard" name="test_normal_user_cannot_access_analytics" time="0.124" /><testcase classname="test_app.TestRoleBasedAccess" name="test_super_admin_login_has_role" time="0.138" /><testcase classname="test_app.TestRoleBasedAccess" name="test_company_admin_login_has_role" time="0.104" /><testcase classname="test_app.TestRoleBasedAccess" name="test_company_admin_can_access_admin_page" time="0.113" /><testcase classname="test_app.TestRoleBasedAccess" name="test_normal_user_cannot_access_admin" time="0.111" /><testcase classname="test_app.TestGA4Integration" name="test_ga4_tracking_included_in_pages" time="0.123" /><testcase classname="test_app.TestGA4Integration" name="test_ga4_tracking_template_exists" time="0.158" /><testcase classname="test_app.TestDatabaseMigration" name="test_migrate_db_import" time="0.001" /><testcase classname="test_app.TestDatabaseMigration" name="test_migrations_are_ordered" time="0.001" /><testcase classname="test_app.TestDatabaseMigration" name="test_schema_migrations_table_exists" time="0.001" /><testcase classname="test_app.TestDatabaseMigration" name="test_all_tables_exist" time="0.002" /><testcase classname="test_app.TestDatabaseMigration" name="test_users_table_has_new_columns" time="0.001" /><testcase classname="test_app.TestDatabaseMigration" name="test_backup_creation" time="0.009" /><testcase classname="test_app.TestVideoAnalyticsDashboard" name="test_video_analytics_page_loads_for_super_admin" time="0.135" /><testcase classname="test_app.TestVideoAnalyticsDashboard" name="test_video_analytics_page_loads_for_company_admin" time="0.155" /><testcase classname="test_app.TestVideoAnalyticsDashboard" name="test_video_analytics_denied_for_normal_user" time="0.150" /><testcase classname="test_app.TestVideoAnalyticsDashboard" name="test_video_analytics_denied_for_unauthenticated" time="0.009" /><testcase classname="test_app.TestVideoAnalyticsAPI" name="test_summary_api_returns_correct_structure" time="0.174" /><testcase classname="test_app.TestVideoAnalyticsAPI" name="test_summary_api_with_period_filter" time="0.199" /><testcase classname="test_app.TestVideoAnalyticsAPI" name="test_summary_api_denied_for_normal_user" time="0.178" /><testcase classname="test_app.TestVideoAnalyticsAPI" name="test_summary_api_denied_for_unauthenticated" time="0.011" /><testcase classname="test_app.TestVideoAnalyticsTenantIsolation" name="test_super_admin_sees_all_tenant_data" time="0.191" /><testcase classname="test_app.TestVideoAnalyticsTenantIsolation" name="test_super_admin_sees_all_departments" time="0.169" /><testcase classname="test_app.TestVideoAnalyticsTenantIsolation" name="test_company_admin_sees_only_own_tenant_users" time="0.157" /><testcase classname="test_app.TestVideoAnalyticsTenantIsolation" name="test_company_admin_sees_only_own_tenant_departments" time="0.183" /><testcase classname="test_app.TestVideoAnalyticsTenantIsolation" name="test_super_admin_video_stats_include_all_viewers" time="0.195" /><testcase classname="test_app.TestVideoAnalyticsTenantIsolation" name="test_company_admin_video_stats_filtered" time="0.201" /><testcase classname="test_app.TestVideoAnalyticsTenantIsolation" name="test_summary_totals_consistent" time="0.192" /><testcase classname="test_app.TestVideoAnalyticsNavigation" name="test_admin_page_has_video_analytics_link" time="0.150" /><testcase classname="test_app.TestVideoAnalyticsNavigation" name="test_access_analytics_page_has_video_analytics_link" time="0.110" /><testcase classname="test_app.TestVideoAnalyticsNavigation" name="test_video_analytics_page_has_admin_link" time="0.139" /><testcase classname="test_app.TestTestDBIsolation" name="test_test_db_exists" time="0.001" /><testcase classname="test_app.TestTestDBIsolation" name="test_production_db_not_modified" time="0.003" /><testcase classname="test_app.TestTestDBIsolation" name="test_app_config_uses_test_db" time="0.001" /><testcase classname="test_app.TestUserProgressDashboard" name="test_user_progress_page_loads_for_super_admin" time="0.131" /><testcase classname="test_app.TestUserProgressDashboard" name="test_user_progress_page_loads_for_company_admin" time="0.133" /><testcase classname="test_app.TestUserProgressDashboard" name="test_user_progress_denied_for_normal_user" time="0.137" /><testcase classname="test_app.TestUserProgressDashboard" name="test_user_progress_denied_for_unauthenticated" time="0.012" /><testcase classname="test_app.TestUserProgressAPI" name="test_api_returns_correct_structure" time="0.137" /><testcase classname="test_app.TestUserProgressAPI" name="test_api_denied_for_normal_user" time="0.127" /><testcase classname="test_app.TestUserProgressAPI" name="test_api_denied_for_unauthenticated" time="0.011" /><testcase classname="test_app.TestUserProgressTenantIsolation" name="test_company_admin_sees_only_own_tenant_users" time="0.148" /><testcase classname="test_app.TestUserProgressTenantIsolation" name="test_super_admin_sees_all_users" time="0.154" /><testcase classname="test_app.TestUserProgressTenantIsolation" name="test_company_admin_departments_filtered" time="0.147" /><testcase classname="test_app.TestUserProgressTenantIsolation" name="test_user_progress_data_integrity" time="0.126" /><testcase classname="test_app.TestUserProgressIndustryFilter" name="test_company_admin_does_not_see_other_industry_videos" time="0.138" /><testcase classname="test_app.TestUserProgressIndustryFilter" name="test_company_admin_sees_own_industry_videos" time="0.172" /><testcase classname="test_app.TestUserProgressIndustryFilter" name="test_company_admin_sees_common_videos" time="0.156" /><testcase classname="test_app.TestUserProgressIndustryFilter" name="test_super_admin_sees_all_industry_videos" time="0.148" /><testcase classname="test_app.TestUserProgressIndustryFilter" name="test_video_analytics_excludes_other_industry" time="0.158" /><testcase classname="test_app.TestUserProgressIndustryFilter" name="test_video_analytics_includes_own_industry" time="0.157" /><testcase classname="test_app.TestUserProgressNavigation" name="test_courses_page_has_user_progress_link" time="0.159" /><testcase classname="test_app.TestUserProgressNavigation" name="test_admin_page_has_user_progress_link" time="0.163" /><testcase classname="test_app.TestUserProgressNavigation" name="test_video_analytics_page_has_user_progress_link" time="0.155" /><testcase classname="test_app.TestMyProgressPage" name="test_my_progress_page_loads_for_regular_user" time="0.147" /><testcase classname="test_app.TestMyProgressPage" name="test_my_progress_page_loads_for_company_admin" time="0.117" /><testcase classname="test_app.TestMyProgressPage" name="test_my_progress_page_loads_for_super_admin" time="0.141" /><testcase classname="test_app.TestMyProgressPage" name="test_my_progress_denied_for_unauthenticated" time="0.009" /><testcase classname="test_app.TestMyProgressAPI" name="test_api_returns_correct_structure" time="0.163" /><testcase classname="test_app.TestMyProgressAPI" name="test_api_returns_own_progress_only" time="0.165" /><testcase classname="test_app.TestMyProgressAPI" name="test_api_denied_for_unauthenticated" time="0.012" /><testcase classname="test_app.TestMyProgressAPI" name="test_api_respects_industry_filter" time="0.165" /><testcase classname="test_app.TestMyProgressAPI" name="test_summary_statistics_integrity" time="0.172" /><testcase classname="test_app.TestMyProgressNavigation" name="test_courses_page_has_my_progress_link" time="0.162" /><testcase classname="test_app.TestMyProgressNavigation" name="test_dashboard_page_has_my_progress_link" time="0.158" /><testcase classname="test_app.TestMyProgressNavigation" name="test_chat_page_has_my_progress_link" time="0.124" /><testcase classname="test_app.TestMyProgressNavigation" name="test_admin_page_has_my_progress_link" time="0.139" /><testcase classname="test_app.TestTenantAdminGuard" name="test_all_tenants_have_company_admin" time="0.125" /><testcase classname="test_app.TestTenantAdminGuard" name="test_cannot_delete_last_company_admin" time="0.144" /><testcase classname="test_app.TestTenantAdminGuard" name="test_cannot_change_last_company_admin_role" time="0.135" /><testcase classname="test_app.TestTenantAdminGuard" name="test_can_delete_company_admin_if_another_exists" time="0.288" /><testcase classname="test_app.TestTenantHealthAPI" name="test_health_api_returns_correct_structure" time="0.114" /><testcase classname="test_app.TestTenantHealthAPI" name="test_health_api_denied_for_normal_user" time="0.127" /><testcase classname="test_app.TestVideoQA" name="test_get_questions_empty" time="0.151" /><testcase classname="test_app.TestVideoQA" name="test_post_question" time="0.149" /><testcase classname="test_app.TestVideoQA" name="test_post_question_empty" time="0.125" /><testcase classname="test_app.TestVideoQA" name="test_post_question_too_long" time="0.129" /><testcase classname="test_app.TestVideoQA" name="test_post_question_nonexistent_video" time="0.126" /><testcase classname="test_app.TestVideoQA" name="test_post_answer" time="0.163" /><testcase classname="test_app.TestVideoQA" name="test_post_answer_empty" time="0.145" /><testcase classname="test_app.TestVideoQA" name="test_post_answer_nonexistent_question" time="0.110" /><testcase classname="test_app.TestVideoQA" name="test_get_questions_with_answers" time="0.120" /><testcase classname="test_app.TestVideoQA" name="test_delete_question" time="0.157" /><testcase classname="test_app.TestVideoQA" name="test_delete_nonexistent_question" time="0.143" /><testcase classname="test_app.TestVideoQA" name="test_delete_answer" time="0.215" /><testcase classname="test_app.TestVideoQA" name="test_delete_nonexistent_answer" time="0.130" /><testcase classname="test_app.TestVideoQA" name="test_regular_user_cannot_delete_others_question" time="0.274" /><testcase classname="test_app.TestVideoQA" name="test_unauthenticated_cannot_post_question" time="0.007" /><testcase classname="test_app.TestAnnouncements" name="test_get_announcements_empty" time="0.156" /><testcase classname="test_app.TestAnnouncements" name="test_create_announcement" time="0.191" /><testcase classname="test_app.TestAnnouncements" name="test_create_announcement_with_tenant" time="0.192" /><testcase classname="test_app.TestAnnouncements" name="test_create_announcement_missing_fields" time="0.176" /><testcase classname="test_app.TestAnnouncements" name="test_create_announcement_invalid_type" time="0.199" /><testcase classname="test_app.TestAnnouncements" name="test_get_admin_announcements" time="0.208" /><testcase classname="test_app.TestAnnouncements" name="test_update_announcement" time="0.240" /><testcase classname="test_app.TestAnnouncements" name="test_toggle_announcement_active" time="0.242" /><testcase classname="test_app.TestAnnouncements" name="test_delete_announcement" time="0.248" /><testcase classname="test_app.TestAnnouncements" name="test_delete_nonexistent_announcement" time="0.179" /><testcase classname="test_app.TestAnnouncements" name="test_update_nonexistent_announcement" time="0.162" /><testcase classname="test_app.TestAnnouncements" name="test_normal_user_cannot_create_announcement" time="0.154" /><testcase classname="test_app.TestAnnouncements" name="test_normal_user_can_view_announcements" time="0.170" /><testcase classname="test_app.TestAnnouncements" name="test_company_admin_cannot_create_global_announcement" time="0.170" /><testcase classname="test_app.TestAnnouncements" name="test_company_admin_can_create_tenant_announcement" time="0.170" /><testcase classname="test_app.TestAnnouncements" name="test_unauthenticated_cannot_view_announcements" time="0.014" /><testcase classname="test_app.TestAnnouncements" name="test_announcement_with_expiry" time="0.265" /></testsuite></testsuites>